
  .   ____          _            __ _ _
 /\\ / ___'_ __ _ _(_)_ __  __ _ \ \ \ \
( ( )\___ | '_ | '_| | '_ \/ _` | \ \ \ \
 \\/  ___)| |_)| | | | | || (_| |  ) ) ) )
  '  |____| .__|_| |_|_| |_\__, | / / / /
 =========|_|==============|___/=/_/_/_/
 :: Spring Boot ::        (v2.1.4.RELEASE)

2019-07-08 23:11:35.190  INFO 16409 --- [  restartedMain] com.mrwan.pigcount.PigcountApplication   : Starting PigcountApplication on VM_0_8_centos with PID 16409 (/www/server/springboot/Springboot_pig/out/artifacts/pigcount_jar/pigcount.jar started by root in /www/server/springboot/Springboot_pig/out/artifacts/pigcount_jar)
2019-07-08 23:11:35.222  INFO 16409 --- [  restartedMain] com.mrwan.pigcount.PigcountApplication   : No active profile set, falling back to default profiles: default
2019-07-08 23:11:35.414  INFO 16409 --- [  restartedMain] .e.DevToolsPropertyDefaultsPostProcessor : Devtools property defaults active! Set 'spring.devtools.add-properties' to 'false' to disable
2019-07-08 23:11:35.414  INFO 16409 --- [  restartedMain] .e.DevToolsPropertyDefaultsPostProcessor : For additional web related logging consider setting the 'logging.level.web' property to 'DEBUG'
2019-07-08 23:11:38.485  INFO 16409 --- [  restartedMain] .s.d.r.c.RepositoryConfigurationDelegate : Bootstrapping Spring Data repositories in DEFAULT mode.
2019-07-08 23:11:38.667  INFO 16409 --- [  restartedMain] .s.d.r.c.RepositoryConfigurationDelegate : Finished Spring Data repository scanning in 152ms. Found 1 repository interfaces.
2019-07-08 23:11:39.763  INFO 16409 --- [  restartedMain] trationDelegate$BeanPostProcessorChecker : Bean 'org.springframework.transaction.annotation.ProxyTransactionManagementConfiguration' of type [org.springframework.transaction.annotation.ProxyTransactionManagementConfiguration$$EnhancerBySpringCGLIB$$e9fcadf4] is not eligible for getting processed by all BeanPostProcessors (for example: not eligible for auto-proxying)
2019-07-08 23:11:41.168  INFO 16409 --- [  restartedMain] o.s.b.w.embedded.tomcat.TomcatWebServer  : Tomcat initialized with port(s): 8068 (http)
2019-07-08 23:11:41.302  INFO 16409 --- [  restartedMain] o.apache.catalina.core.StandardService   : Starting service [Tomcat]
2019-07-08 23:11:41.330  INFO 16409 --- [  restartedMain] org.apache.catalina.core.StandardEngine  : Starting Servlet engine: [Apache Tomcat/9.0.17]
2019-07-08 23:11:42.272  INFO 16409 --- [  restartedMain] org.apache.jasper.servlet.TldScanner     : At least one JAR was scanned for TLDs yet contained no TLDs. Enable debug logging for this logger for a complete list of JARs that were scanned but no TLDs were found in them. Skipping unneeded JARs during scanning can improve startup time and JSP compilation time.
2019-07-08 23:11:42.306  INFO 16409 --- [  restartedMain] o.a.c.c.C.[Tomcat].[localhost].[/]       : Initializing Spring embedded WebApplicationContext
2019-07-08 23:11:42.306  INFO 16409 --- [  restartedMain] o.s.web.context.ContextLoader            : Root WebApplicationContext: initialization completed in 6892 ms
--------------过滤器初始化------------
2019-07-08 23:11:43.330  INFO 16409 --- [  restartedMain] o.hibernate.jpa.internal.util.LogHelper  : HHH000204: Processing PersistenceUnitInfo [
	name: default
	...]
2019-07-08 23:11:43.468  INFO 16409 --- [  restartedMain] org.hibernate.Version                    : HHH000412: Hibernate Core {5.3.9.Final}
2019-07-08 23:11:43.469  INFO 16409 --- [  restartedMain] org.hibernate.cfg.Environment            : HHH000206: hibernate.properties not found
2019-07-08 23:11:43.818  INFO 16409 --- [  restartedMain] o.hibernate.annotations.common.Version   : HCANN000001: Hibernate Commons Annotations {5.0.4.Final}
2019-07-08 23:11:44.172  INFO 16409 --- [  restartedMain] com.zaxxer.hikari.HikariDataSource       : HikariPool-1 - Starting...
2019-07-08 23:11:44.794  INFO 16409 --- [  restartedMain] com.zaxxer.hikari.HikariDataSource       : HikariPool-1 - Start completed.
2019-07-08 23:11:44.812  INFO 16409 --- [  restartedMain] org.hibernate.dialect.Dialect            : HHH000400: Using dialect: org.hibernate.dialect.MySQL5Dialect
2019-07-08 23:11:46.314  INFO 16409 --- [  restartedMain] j.LocalContainerEntityManagerFactoryBean : Initialized JPA EntityManagerFactory for persistence unit 'default'
2019-07-08 23:11:46.413  INFO 16409 --- [  restartedMain] o.s.b.d.a.OptionalLiveReloadServer       : LiveReload server is running on port 35729
2019-07-08 23:11:48.461  INFO 16409 --- [  restartedMain] o.s.s.concurrent.ThreadPoolTaskExecutor  : Initializing ExecutorService 'applicationTaskExecutor'
2019-07-08 23:11:48.582  WARN 16409 --- [  restartedMain] aWebConfiguration$JpaWebMvcConfiguration : spring.jpa.open-in-view is enabled by default. Therefore, database queries may be performed during view rendering. Explicitly configure spring.jpa.open-in-view to disable this warning
2019-07-08 23:11:49.632  INFO 16409 --- [  restartedMain] o.s.b.w.embedded.tomcat.TomcatWebServer  : Tomcat started on port(s): 8068 (http) with context path ''
2019-07-08 23:11:49.635  INFO 16409 --- [  restartedMain] com.mrwan.pigcount.PigcountApplication   : Started PigcountApplication in 15.727 seconds (JVM running for 17.88)
2019-07-08 23:12:06.601  INFO 16409 --- [nio-8068-exec-1] o.a.c.c.C.[Tomcat].[localhost].[/]       : Initializing Spring DispatcherServlet 'dispatcherServlet'
2019-07-08 23:12:06.601  INFO 16409 --- [nio-8068-exec-1] o.s.web.servlet.DispatcherServlet        : Initializing Servlet 'dispatcherServlet'
2019-07-08 23:12:06.627  INFO 16409 --- [nio-8068-exec-1] o.s.web.servlet.DispatcherServlet        : Completed initialization in 26 ms
--------------执行过滤操作------------
--------------执行过滤操作------------
--------------执行过滤操作------------
--------------执行过滤操作------------
--------------执行过滤操作------------
--------------执行过滤操作------------
--------------执行过滤操作------------
--------------执行过滤操作------------
--------------执行过滤操作------------
--------------执行过滤操作------------
--------------执行过滤操作------------
--------------执行过滤操作------------
--------------执行过滤操作------------
--------------执行过滤操作------------
--------------执行过滤操作------------
--------------执行过滤操作------------
--------------执行过滤操作------------
--------------执行过滤操作------------
--------------执行过滤操作------------
--------------执行过滤操作------------
--------------执行过滤操作------------
--------------执行过滤操作------------
--------------执行过滤操作------------
--------------执行过滤操作------------
--------------执行过滤操作------------
--------------执行过滤操作------------
--------------执行过滤操作------------
--------------执行过滤操作------------
--------------执行过滤操作------------
--------------执行过滤操作------------
--------------执行过滤操作------------
--------------执行过滤操作------------
--------------执行过滤操作------------
--------------执行过滤操作------------
--------------执行过滤操作------------
--------------执行过滤操作------------
--------------执行过滤操作------------
--------------执行过滤操作------------
--------------执行过滤操作------------
--------------执行过滤操作------------
--------------执行过滤操作------------
--------------执行过滤操作------------
--------------执行过滤操作------------
--------------执行过滤操作------------
--------------执行过滤操作------------
--------------执行过滤操作------------
--------------执行过滤操作------------
--------------执行过滤操作------------
--------------执行过滤操作------------
2019-07-10 04:24:58.742  WARN 16409 --- [nio-8068-exec-9] .w.s.m.s.DefaultHandlerExceptionResolver : Resolved [org.springframework.web.HttpRequestMethodNotSupportedException: Request method 'GET' not supported]
--------------执行过滤操作------------
2019-07-10 05:59:29.824  WARN 16409 --- [io-8068-exec-10] .w.s.m.s.DefaultHandlerExceptionResolver : Resolved [org.springframework.web.HttpRequestMethodNotSupportedException: Request method 'GET' not supported]
--------------执行过滤操作------------
--------------执行过滤操作------------
--------------执行过滤操作------------
--------------执行过滤操作------------
--------------执行过滤操作------------
--------------执行过滤操作------------
--------------执行过滤操作------------
--------------执行过滤操作------------
--------------执行过滤操作------------
--------------执行过滤操作------------
--------------执行过滤操作------------
--------------执行过滤操作------------
--------------执行过滤操作------------
--------------执行过滤操作------------
--------------执行过滤操作------------
--------------执行过滤操作------------
--------------执行过滤操作------------
--------------执行过滤操作------------
--------------执行过滤操作------------
--------------执行过滤操作------------
--------------执行过滤操作------------
--------------执行过滤操作------------
--------------执行过滤操作------------
--------------执行过滤操作------------
--------------执行过滤操作------------
--------------执行过滤操作------------
--------------执行过滤操作------------
--------------执行过滤操作------------
--------------执行过滤操作------------
--------------执行过滤操作------------
--------------执行过滤操作------------
--------------执行过滤操作------------
--------------执行过滤操作------------
--------------执行过滤操作------------
--------------执行过滤操作------------
--------------执行过滤操作------------
--------------执行过滤操作------------
--------------执行过滤操作------------
--------------执行过滤操作------------
--------------执行过滤操作------------
--------------执行过滤操作------------
--------------执行过滤操作------------
--------------执行过滤操作------------
--------------执行过滤操作------------
--------------执行过滤操作------------
--------------执行过滤操作------------
--------------执行过滤操作------------
--------------执行过滤操作------------
--------------执行过滤操作------------
--------------执行过滤操作------------
--------------执行过滤操作------------
--------------执行过滤操作------------
--------------执行过滤操作------------
--------------执行过滤操作------------
--------------执行过滤操作------------
--------------执行过滤操作------------
--------------执行过滤操作------------
--------------执行过滤操作------------
--------------执行过滤操作------------
--------------执行过滤操作------------
--------------执行过滤操作------------
--------------执行过滤操作------------
--------------执行过滤操作------------
--------------执行过滤操作------------
--------------执行过滤操作------------
--------------执行过滤操作------------
--------------执行过滤操作------------
--------------执行过滤操作------------
--------------执行过滤操作------------
--------------执行过滤操作------------
--------------执行过滤操作------------
--------------执行过滤操作------------
--------------执行过滤操作------------
--------------执行过滤操作------------
--------------执行过滤操作------------
--------------执行过滤操作------------
--------------执行过滤操作------------
--------------执行过滤操作------------
--------------执行过滤操作------------
--------------执行过滤操作------------
--------------执行过滤操作------------
--------------执行过滤操作------------
--------------执行过滤操作------------
--------------执行过滤操作------------
--------------执行过滤操作------------
--------------执行过滤操作------------
--------------执行过滤操作------------
--------------执行过滤操作------------
--------------执行过滤操作------------
--------------执行过滤操作------------
--------------执行过滤操作------------
--------------执行过滤操作------------
--------------执行过滤操作------------
--------------执行过滤操作------------
--------------执行过滤操作------------
--------------执行过滤操作------------
--------------执行过滤操作------------
--------------执行过滤操作------------
--------------执行过滤操作------------
--------------执行过滤操作------------
--------------执行过滤操作------------
--------------执行过滤操作------------
--------------执行过滤操作------------
--------------执行过滤操作------------
--------------执行过滤操作------------
--------------执行过滤操作------------
--------------执行过滤操作------------
--------------执行过滤操作------------
--------------执行过滤操作------------
--------------执行过滤操作------------
--------------执行过滤操作------------
--------------执行过滤操作------------
--------------执行过滤操作------------
--------------执行过滤操作------------
--------------执行过滤操作------------
--------------执行过滤操作------------
--------------执行过滤操作------------
--------------执行过滤操作------------
--------------执行过滤操作------------
--------------执行过滤操作------------
--------------执行过滤操作------------
--------------执行过滤操作------------
--------------执行过滤操作------------
--------------执行过滤操作------------
--------------执行过滤操作------------
--------------执行过滤操作------------
--------------执行过滤操作------------
--------------执行过滤操作------------
--------------执行过滤操作------------
--------------执行过滤操作------------
--------------执行过滤操作------------
--------------执行过滤操作------------
--------------执行过滤操作------------
--------------执行过滤操作------------
--------------执行过滤操作------------
--------------执行过滤操作------------
--------------执行过滤操作------------
--------------执行过滤操作------------
--------------执行过滤操作------------
--------------执行过滤操作------------
--------------执行过滤操作------------
--------------执行过滤操作------------
--------------执行过滤操作------------
--------------执行过滤操作------------
--------------执行过滤操作------------
--------------执行过滤操作------------
--------------执行过滤操作------------
--------------执行过滤操作------------
--------------执行过滤操作------------
--------------执行过滤操作------------
--------------执行过滤操作------------
--------------执行过滤操作------------
--------------执行过滤操作------------
--------------执行过滤操作------------
--------------执行过滤操作------------
--------------执行过滤操作------------
--------------执行过滤操作------------
--------------执行过滤操作------------
--------------执行过滤操作------------
--------------执行过滤操作------------
--------------执行过滤操作------------
--------------执行过滤操作------------
--------------执行过滤操作------------
--------------执行过滤操作------------
--------------执行过滤操作------------
--------------执行过滤操作------------
--------------执行过滤操作------------
--------------执行过滤操作------------
--------------执行过滤操作------------
--------------执行过滤操作------------
--------------执行过滤操作------------
--------------执行过滤操作------------
--------------执行过滤操作------------
--------------执行过滤操作------------
--------------执行过滤操作------------
--------------执行过滤操作------------
--------------执行过滤操作------------
--------------执行过滤操作------------
--------------执行过滤操作------------
--------------执行过滤操作------------
--------------执行过滤操作------------
--------------执行过滤操作------------
--------------执行过滤操作------------
--------------执行过滤操作------------
--------------执行过滤操作------------
--------------执行过滤操作------------
--------------执行过滤操作------------
--------------执行过滤操作------------
--------------执行过滤操作------------
--------------执行过滤操作------------
--------------执行过滤操作------------
--------------执行过滤操作------------
--------------执行过滤操作------------
--------------执行过滤操作------------
--------------执行过滤操作------------
--------------执行过滤操作------------
--------------执行过滤操作------------
--------------执行过滤操作------------
--------------执行过滤操作------------
--------------执行过滤操作------------
--------------执行过滤操作------------
--------------执行过滤操作------------
--------------执行过滤操作------------
--------------执行过滤操作------------
--------------执行过滤操作------------
--------------执行过滤操作------------
--------------执行过滤操作------------
--------------执行过滤操作------------
--------------执行过滤操作------------
--------------执行过滤操作------------
--------------执行过滤操作------------
--------------执行过滤操作------------
--------------执行过滤操作------------
--------------执行过滤操作------------
--------------执行过滤操作------------
--------------执行过滤操作------------
--------------执行过滤操作------------
--------------执行过滤操作------------
--------------执行过滤操作------------
--------------执行过滤操作------------
--------------执行过滤操作------------
--------------执行过滤操作------------
--------------执行过滤操作------------
--------------执行过滤操作------------
--------------执行过滤操作------------
--------------执行过滤操作------------
--------------执行过滤操作------------
--------------执行过滤操作------------
--------------执行过滤操作------------
--------------执行过滤操作------------
--------------执行过滤操作------------
--------------执行过滤操作------------
--------------执行过滤操作------------
--------------执行过滤操作------------
--------------执行过滤操作------------
--------------执行过滤操作------------
--------------执行过滤操作------------
--------------执行过滤操作------------
--------------执行过滤操作------------
--------------执行过滤操作------------
--------------执行过滤操作------------
--------------执行过滤操作------------
--------------执行过滤操作------------
--------------执行过滤操作------------
--------------执行过滤操作------------
--------------执行过滤操作------------
--------------执行过滤操作------------
--------------执行过滤操作------------
--------------执行过滤操作------------
--------------执行过滤操作------------
--------------执行过滤操作------------
--------------执行过滤操作------------
--------------执行过滤操作------------
--------------执行过滤操作------------
--------------执行过滤操作------------
--------------执行过滤操作------------
--------------执行过滤操作------------
--------------执行过滤操作------------
--------------执行过滤操作------------
--------------执行过滤操作------------
--------------执行过滤操作------------
--------------执行过滤操作------------
--------------执行过滤操作------------
--------------执行过滤操作------------
--------------执行过滤操作------------
--------------执行过滤操作------------
--------------执行过滤操作------------
--------------执行过滤操作------------
--------------执行过滤操作------------
--------------执行过滤操作------------
--------------执行过滤操作------------
--------------执行过滤操作------------
--------------执行过滤操作------------
--------------执行过滤操作------------
--------------执行过滤操作------------
--------------执行过滤操作------------
--------------执行过滤操作------------
--------------执行过滤操作------------
--------------执行过滤操作------------
--------------执行过滤操作------------
--------------执行过滤操作------------
--------------执行过滤操作------------
--------------执行过滤操作------------
--------------执行过滤操作------------
--------------执行过滤操作------------
--------------执行过滤操作------------
--------------执行过滤操作------------
--------------执行过滤操作------------
--------------执行过滤操作------------
--------------执行过滤操作------------
--------------执行过滤操作------------
--------------执行过滤操作------------
--------------执行过滤操作------------
--------------执行过滤操作------------
--------------执行过滤操作------------
--------------执行过滤操作------------
--------------执行过滤操作------------
--------------执行过滤操作------------
--------------执行过滤操作------------
--------------执行过滤操作------------
--------------执行过滤操作------------
--------------执行过滤操作------------
--------------执行过滤操作------------
--------------执行过滤操作------------
--------------执行过滤操作------------
--------------执行过滤操作------------
--------------执行过滤操作------------
--------------执行过滤操作------------
--------------执行过滤操作------------
--------------执行过滤操作------------
--------------执行过滤操作------------
--------------执行过滤操作------------
--------------执行过滤操作------------
--------------执行过滤操作------------
--------------执行过滤操作------------
--------------执行过滤操作------------
--------------执行过滤操作------------
--------------执行过滤操作------------
--------------执行过滤操作------------
--------------执行过滤操作------------
--------------执行过滤操作------------
--------------执行过滤操作------------
--------------执行过滤操作------------
--------------执行过滤操作------------
--------------执行过滤操作------------
--------------执行过滤操作------------
--------------执行过滤操作------------
--------------执行过滤操作------------
--------------执行过滤操作------------
--------------执行过滤操作------------
--------------执行过滤操作------------
--------------执行过滤操作------------
--------------执行过滤操作------------
--------------执行过滤操作------------
--------------执行过滤操作------------
--------------执行过滤操作------------
--------------执行过滤操作------------
--------------执行过滤操作------------
--------------执行过滤操作------------
--------------执行过滤操作------------
--------------执行过滤操作------------
--------------执行过滤操作------------
--------------执行过滤操作------------
--------------执行过滤操作------------
--------------执行过滤操作------------
--------------执行过滤操作------------
--------------执行过滤操作------------
--------------执行过滤操作------------
--------------执行过滤操作------------
--------------执行过滤操作------------
2019-07-11 05:27:02.372  WARN 16409 --- [io-8068-exec-10] .w.s.m.s.DefaultHandlerExceptionResolver : Resolved [org.springframework.web.HttpRequestMethodNotSupportedException: Request method 'GET' not supported]
--------------执行过滤操作------------
--------------执行过滤操作------------
--------------执行过滤操作------------
--------------执行过滤操作------------
--------------执行过滤操作------------
--------------执行过滤操作------------
--------------执行过滤操作------------
--------------执行过滤操作------------
--------------执行过滤操作------------
--------------执行过滤操作------------
--------------执行过滤操作------------
--------------执行过滤操作------------
--------------执行过滤操作------------
--------------执行过滤操作------------
--------------执行过滤操作------------
--------------执行过滤操作------------
--------------执行过滤操作------------
--------------执行过滤操作------------
--------------执行过滤操作------------
--------------执行过滤操作------------
--------------执行过滤操作------------
--------------执行过滤操作------------
--------------执行过滤操作------------
--------------执行过滤操作------------
--------------执行过滤操作------------
--------------执行过滤操作------------
--------------执行过滤操作------------
--------------执行过滤操作------------
--------------执行过滤操作------------
--------------执行过滤操作------------
--------------执行过滤操作------------
2019-07-12 09:53:40.397  INFO 16409 --- [nio-8068-exec-2] o.apache.coyote.http11.Http11Processor   : Error parsing HTTP request header
 Note: further occurrences of HTTP request parsing errors will be logged at DEBUG level.

java.lang.IllegalArgumentException: Invalid character found in method name. HTTP method names must be tokens
	at org.apache.coyote.http11.Http11InputBuffer.parseRequestLine(Http11InputBuffer.java:414) ~[tomcat-embed-core-9.0.17.jar:9.0.17]
	at org.apache.coyote.http11.Http11Processor.service(Http11Processor.java:294) ~[tomcat-embed-core-9.0.17.jar:9.0.17]
	at org.apache.coyote.AbstractProcessorLight.process(AbstractProcessorLight.java:66) [tomcat-embed-core-9.0.17.jar:9.0.17]
	at org.apache.coyote.AbstractProtocol$ConnectionHandler.process(AbstractProtocol.java:834) [tomcat-embed-core-9.0.17.jar:9.0.17]
	at org.apache.tomcat.util.net.NioEndpoint$SocketProcessor.doRun(NioEndpoint.java:1415) [tomcat-embed-core-9.0.17.jar:9.0.17]
	at org.apache.tomcat.util.net.SocketProcessorBase.run(SocketProcessorBase.java:49) [tomcat-embed-core-9.0.17.jar:9.0.17]
	at java.util.concurrent.ThreadPoolExecutor.runWorker(ThreadPoolExecutor.java:1142) [na:1.8.0_121]
	at java.util.concurrent.ThreadPoolExecutor$Worker.run(ThreadPoolExecutor.java:617) [na:1.8.0_121]
	at org.apache.tomcat.util.threads.TaskThread$WrappingRunnable.run(TaskThread.java:61) [tomcat-embed-core-9.0.17.jar:9.0.17]
	at java.lang.Thread.run(Thread.java:745) [na:1.8.0_121]

--------------执行过滤操作------------
--------------执行过滤操作------------
--------------执行过滤操作------------
--------------执行过滤操作------------
--------------执行过滤操作------------
--------------执行过滤操作------------
--------------执行过滤操作------------
--------------执行过滤操作------------
--------------执行过滤操作------------
--------------执行过滤操作------------
--------------执行过滤操作------------
--------------执行过滤操作------------
--------------执行过滤操作------------
--------------执行过滤操作------------
--------------执行过滤操作------------
--------------执行过滤操作------------
--------------执行过滤操作------------
--------------执行过滤操作------------
--------------执行过滤操作------------
--------------执行过滤操作------------
--------------执行过滤操作------------
--------------执行过滤操作------------
--------------执行过滤操作------------
--------------执行过滤操作------------
--------------执行过滤操作------------
--------------执行过滤操作------------
--------------执行过滤操作------------
--------------执行过滤操作------------
--------------执行过滤操作------------
--------------执行过滤操作------------
--------------执行过滤操作------------
--------------执行过滤操作------------
--------------执行过滤操作------------
--------------执行过滤操作------------
--------------执行过滤操作------------
--------------执行过滤操作------------
--------------执行过滤操作------------
--------------执行过滤操作------------
--------------执行过滤操作------------
--------------执行过滤操作------------
--------------执行过滤操作------------
--------------执行过滤操作------------
--------------执行过滤操作------------
--------------执行过滤操作------------
--------------执行过滤操作------------
--------------执行过滤操作------------
--------------执行过滤操作------------
2019-07-13 20:36:59.286  WARN 16409 --- [nio-8068-exec-3] .w.s.m.s.DefaultHandlerExceptionResolver : Resolved [org.springframework.web.HttpRequestMethodNotSupportedException: Request method 'GET' not supported]
